\BOOKMARK [0][-]{chapter.1}{Introduction}{}% 1
\BOOKMARK [0][-]{chapter.2}{\311tat de l'art}{}% 2
\BOOKMARK [1][-]{section.2.1}{Stockage}{chapter.2}% 3
\BOOKMARK [2][-]{subsection.2.1.1}{FADE}{section.2.1}% 4
\BOOKMARK [2][-]{subsection.2.1.2}{SecCloud}{section.2.1}% 5
\BOOKMARK [1][-]{section.2.2}{Virtualisation}{chapter.2}% 6
\BOOKMARK [2][-]{subsection.2.2.1}{Migration}{section.2.2}% 7
\BOOKMARK [2][-]{subsection.2.2.2}{Partage d'image}{section.2.2}% 8
\BOOKMARK [2][-]{subsection.2.2.3}{Ex\351cution}{section.2.2}% 9
\BOOKMARK [2][-]{subsection.2.2.4}{S\351curit\351 de l'hyperviseur}{section.2.2}% 10
\BOOKMARK [1][-]{section.2.3}{Authentification et contr\364le d'acc\350s}{chapter.2}% 11
\BOOKMARK [0][-]{chapter.3}{Communications cloud}{}% 12
\BOOKMARK [1][-]{section.3.1}{Communications inter-cloud}{chapter.3}% 13
\BOOKMARK [1][-]{section.3.2}{Communications intra-cloud}{chapter.3}% 14
\BOOKMARK [2][-]{subsection.3.2.1}{Solutions NIDS pour le cloud}{section.3.2}% 15
\BOOKMARK [3][-]{subsubsection.3.2.1.1}{SnortFlow}{subsection.3.2.1}% 16
\BOOKMARK [3][-]{subsubsection.3.2.1.2}{SDNIPS}{subsection.3.2.1}% 17
\BOOKMARK [3][-]{subsubsection.3.2.1.3}{Comparaison de Snortflow et SDNIPS}{subsection.3.2.1}% 18
\BOOKMARK [2][-]{subsection.3.2.2}{Firewall avec arbre de r\350gle}{section.3.2}% 19
\BOOKMARK [0][-]{chapter.4}{Conclusion}{}% 20
\BOOKMARK [1][-]{section.4.1}{Contributions}{chapter.4}% 21
\BOOKMARK [1][-]{section.4.2}{Perspectives}{chapter.4}% 22
